{"level":"info","message":"POST /api/direcciones","timestamp":"2024-05-28T01:25:31.720Z"}
{"level":"info","message":"POST /api/direcciones","timestamp":"2024-05-28T01:25:48.691Z"}
{"level":"info","message":"GET /","timestamp":"2024-05-28T04:55:27.330Z"}
{"level":"info","message":"GET /favicon.ico","timestamp":"2024-05-28T04:55:29.209Z"}
{"level":"info","message":"GET /","timestamp":"2024-05-28T04:56:10.406Z"}
{"level":"info","message":"GET /favicon.ico","timestamp":"2024-05-28T04:56:10.994Z"}
{"level":"info","message":"GET /api/categorias","timestamp":"2024-05-28T04:57:53.043Z"}
{"level":"info","message":"GET /favicon.ico","timestamp":"2024-05-28T04:57:53.583Z"}
{"level":"info","message":"GET /api/categorias","timestamp":"2024-05-28T04:58:19.437Z"}
{"level":"info","message":"GET /api/colores","timestamp":"2024-05-28T05:03:38.786Z"}
{"level":"info","message":"GET /favicon.ico","timestamp":"2024-05-28T05:03:39.526Z"}
{"level":"info","message":"GET /api/tallas","timestamp":"2024-05-28T05:03:45.390Z"}
{"level":"info","message":"GET /favicon.ico","timestamp":"2024-05-28T05:03:45.600Z"}
{"level":"info","message":"GET /api/direcciones","timestamp":"2024-05-28T05:03:56.856Z"}
{"level":"info","message":"GET /favicon.ico","timestamp":"2024-05-28T05:03:56.989Z"}
{"level":"info","message":"GET /api/autentication","timestamp":"2024-05-28T05:06:14.365Z"}
{"level":"info","message":"GET /favicon.ico","timestamp":"2024-05-28T05:06:14.528Z"}
{"level":"info","message":"GET /api/compras","timestamp":"2024-05-28T05:06:23.254Z"}
{"level":"info","message":"GET /favicon.ico","timestamp":"2024-05-28T05:06:23.438Z"}
{"level":"info","message":"GET /api/articulos","timestamp":"2024-05-28T05:24:07.043Z"}
{"level":"info","message":"GET /favicon.ico","timestamp":"2024-05-28T05:24:07.557Z"}
